TN:
SF:/Users/ion/Documents/es6-blank/src/scripts/app.js
FN:7,_interopRequireDefault
FN:9,_classCallCheck
FN:11,App
FNF:3
FNH:3
FNDA:1,_interopRequireDefault
FNDA:1,_classCallCheck
FNDA:1,App
DA:3,1
DA:5,1
DA:7,1
DA:9,1
DA:11,1
DA:12,1
DA:14,1
DA:17,1
LF:8
LH:8
BRDA:7,1,0,0
BRDA:7,1,1,1
BRDA:7,2,0,1
BRDA:7,2,1,1
BRDA:9,3,0,0
BRDA:9,3,1,1
BRF:6
BRH:4
end_of_record
TN:
SF:/Users/ion/Documents/es6-blank/spec/homeModelSpec.js
FN:7,_interopRequireDefault
FN:9,(anonymous_2)
FN:13,(anonymous_3)
FNF:3
FNH:3
FNDA:1,_interopRequireDefault
FNDA:1,(anonymous_2)
FNDA:1,(anonymous_3)
DA:3,1
DA:5,1
DA:7,1
DA:9,1
DA:11,1
DA:13,1
DA:14,1
LF:7
LH:7
BRDA:7,1,0,1
BRDA:7,1,1,0
BRDA:7,2,0,1
BRDA:7,2,1,1
BRF:4
BRH:3
end_of_record
TN:
SF:/Users/ion/Documents/es6-blank/src/scripts/models/home-model.js
FN:7,_classCallCheck
FN:9,HomeModel
FNF:2
FNH:2
FNDA:1,_classCallCheck
FNDA:1,HomeModel
DA:3,1
DA:7,1
DA:9,1
DA:10,1
DA:12,1
DA:15,1
LF:6
LH:6
BRDA:7,1,0,0
BRDA:7,1,1,1
BRF:2
BRH:1
end_of_record
